$ npm run quality:check


> espacofacial-open@0.1.0 quality:check
> npm run lint && npm run typecheck && npm run test:agenda && npm run build && npm run smoke:strict


> espacofacial-open@0.1.0 lint
> next lint

✔ No ESLint warnings or errors

> espacofacial-open@0.1.0 typecheck
> tsc -p tsconfig.json --noEmit


> espacofacial-open@0.1.0 test:agenda
> tsx --test tests/agendaDb.test.ts

✔ parseDateKey returns yyyy-mm-dd (0.412208ms)
✔ parseDateKey rejects invalid (0.050333ms)
✔ parseTimeKey returns hh:mm (0.072709ms)
✔ parseTimeKey rejects invalid (0.035791ms)
ℹ tests 4
ℹ suites 0
ℹ pass 4
ℹ fail 0
ℹ cancelled 0
ℹ skipped 0
ℹ todo 0
ℹ duration_ms 114.817667

> espacofacial-open@0.1.0 build
> next build

  ▲ Next.js 14.2.35
  - Environments: .env.local

   Creating an optimized production build ...
 ✓ Compiled successfully
   Linting and checking validity of types ...
   Collecting page data ...
   Generating static pages (0/19) ...
   Generating static pages (4/19) 
   Generating static pages (9/19) 
   Generating static pages (14/19) 
 ✓ Generating static pages (19/19)
   Finalizing page optimization ...
   Collecting build traces ...

Route (app)                              Size     First Load JS
┌ ƒ /                                    1.76 kB         145 kB
├ ○ /_not-found                          148 B          87.5 kB
├ ƒ /[unit]                              1.81 kB         145 kB
├ ƒ /[unit]/faleconosco                  0 B                0 B
├ ƒ /[unit]/faleconsco                   0 B                0 B
├ ○ /agendamento                         8.57 kB         120 kB
├ ƒ /api/agenda                          0 B                0 B
├ ƒ /api/agenda/sync                     0 B                0 B
├ ƒ /api/booking/decision                0 B                0 B
├ ƒ /api/booking/request                 0 B                0 B
├ ƒ /api/booking/services                0 B                0 B
├ ƒ /api/booking/slots                   0 B                0 B
├ ƒ /api/booking/status                  0 B                0 B
├ ƒ /api/booking/webhook/decision        0 B                0 B
├ ƒ /api/drive-media/[id]                0 B                0 B
├ ○ /api/equipe                          0 B                0 B
├ ƒ /api/gbp/accounts                    0 B                0 B
├ ƒ /api/gbp/health                      0 B                0 B
├ ƒ /api/gbp/photos                      0 B                0 B
├ ƒ /api/gbp/reviews                     0 B                0 B
├ ƒ /api/hero-media                      0 B                0 B
├ ƒ /api/instagram-avatar                0 B                0 B
├ ƒ /api/places/details                  0 B                0 B
├ ƒ /api/places/photo                    0 B                0 B
├ ƒ /api/sugereaqui                      0 B                0 B
├ ○ /doutores                            605 B           112 kB
├ ƒ /doutores/[slug]                     506 B           110 kB
├ ƒ /faleconosco/[sigla]                 0 B                0 B
├ ƒ /faleconsco/[sigla]                  0 B                0 B
├ ○ /icon.svg                            0 B                0 B
├ ○ /opengraph-image                     0 B                0 B
├ ○ /privacidade                         148 B          87.5 kB
├ ○ /robots.txt                          0 B                0 B
├ ○ /sitemap.xml                         0 B                0 B
├ ○ /sobre                               234 B           115 kB
├ ○ /sugereaqui                          1.5 kB         88.8 kB
├ ○ /termos                              149 B          87.5 kB
├ ○ /twitter-image                       0 B                0 B
├ ○ /unidades                            235 B           136 kB
└ ƒ /unidades/[slug]                     149 B          87.5 kB
+ First Load JS shared by all            87.3 kB
  ├ chunks/117-a5f7cb7a43194daa.js       31.7 kB
  ├ chunks/fd9d1056-0513bfa1d30c24ee.js  53.7 kB
  └ other shared chunks (total)          1.94 kB


ƒ Middleware                             28.4 kB

○  (Static)   prerendered as static content
ƒ  (Dynamic)  server-rendered on demand


> espacofacial-open@0.1.0 smoke:strict
> SMOKE_REQUIRE_AGENDA=1 node scripts/smoke.mjs

Smoke base URL: https://espacofacial.com
OK: smoke checks passed

