$ npm run quality:check


> espacofacial-open@0.1.0 quality:check
> npm run lint && npm run typecheck && npm run test:agenda && npm run build && npm run smoke:strict


> espacofacial-open@0.1.0 lint
> eslint src scripts tests workers/esfa-redirector --ext .js,.mjs,.ts,.tsx


> espacofacial-open@0.1.0 typecheck
> tsc -p tsconfig.json --noEmit


> espacofacial-open@0.1.0 test:agenda
> tsx --test tests/agendaDb.test.ts

âś” parseDateKey returns yyyy-mm-dd (1.4325ms)
âś” parseDateKey rejects invalid (0.073333ms)
âś” parseTimeKey returns hh:mm (0.097333ms)
âś” parseTimeKey rejects invalid (0.045709ms)
â„ą tests 4
â„ą suites 0
â„ą pass 4
â„ą fail 0
â„ą cancelled 0
â„ą skipped 0
â„ą todo 0
â„ą duration_ms 201.778791

> espacofacial-open@0.1.0 build
> next build

â–˛ Next.js 16.1.6 (Turbopack)
- Environments: .env.local

  Creating an optimized production build ...
âś“ Compiled successfully in 3.3s
  Running TypeScript ...
  Collecting page data using 7 workers ...
  Generating static pages using 7 workers (0/24) ...
  Generating static pages using 7 workers (6/24) 
  Generating static pages using 7 workers (12/24) 
  Generating static pages using 7 workers (18/24) 
âś“ Generating static pages using 7 workers (24/24) in 383.6ms
  Finalizing page optimization ...

Route (app)                        Revalidate  Expire
â”Ś Ć’ /
â”ś â—‹ /_not-found
â”ś Ć’ /[unit]
â”ś Ć’ /[unit]/faleconosco
â”ś Ć’ /[unit]/faleconsco
â”ś â—‹ /agendamento
â”ś Ć’ /api/agenda
â”ś Ć’ /api/agenda/sync
â”ś Ć’ /api/booking/decision
â”ś Ć’ /api/booking/request
â”ś Ć’ /api/booking/services
â”ś Ć’ /api/booking/slots
â”ś Ć’ /api/booking/status
â”ś Ć’ /api/booking/webhook/decision
â”ś Ć’ /api/drive-media/[id]
â”ś Ć’ /api/equipe
â”ś Ć’ /api/gbp/accounts
â”ś Ć’ /api/gbp/health
â”ś Ć’ /api/gbp/photos
â”ś Ć’ /api/gbp/reviews
â”ś Ć’ /api/hero-media
â”ś Ć’ /api/instagram-avatar
â”ś Ć’ /api/places/details
â”ś Ć’ /api/places/photo
â”ś Ć’ /api/sugereaqui
â”ś â—‹ /doutores                              1h      1y
â”ś â—Ź /doutores/[slug]                       1h      1y
â”‚ â”ś /doutores/drmarcelogsoares             1h      1y
â”‚ â”ś /doutores/drasamarassilva              1h      1y
â”‚ â”ś /doutores/dravivianemondin             1h      1y
â”‚ â”” [+4 more paths]
â”ś Ć’ /faleconosco/[sigla]
â”ś Ć’ /faleconsco/[sigla]
â”ś â—‹ /opengraph-image
â”ś â—‹ /privacidade
â”ś â—‹ /robots.txt
â”ś â—‹ /sitemap.xml
â”ś â—‹ /sobre
â”ś â—‹ /sugereaqui
â”ś â—‹ /termos
â”ś â—‹ /twitter-image
â”ś â—‹ /unidades
â”” Ć’ /unidades/[slug]


Ć’ Proxy (Middleware)

â—‹  (Static)   prerendered as static content
â—Ź  (SSG)      prerendered as static HTML (uses generateStaticParams)
Ć’  (Dynamic)  server-rendered on demand


> espacofacial-open@0.1.0 smoke:strict
> SMOKE_REQUIRE_AGENDA=1 node scripts/smoke.mjs

Smoke base URL: https://espacofacial.com
OK: smoke checks passed

âš  The "middleware" file convention is deprecated. Please use "proxy" instead. Learn more: https://nextjs.org/docs/messages/middleware-to-proxy
